F:\C++\2018_3_15\PLANE\PLANE\PLANE\DEBUG\MAIN.OBJ
F:\C++\2018_3_15\PLANE\PLANE\PLANE\DEBUG\VC110.PDB
F:\C++\2018_3_15\PLANE\PLANE\DEBUG\PLANE.ILK
F:\C++\2018_3_15\PLANE\PLANE\DEBUG\PLANE.EXE
F:\C++\2018_3_15\PLANE\PLANE\DEBUG\PLANE.PDB
F:\c++\2018_3_15\plane\plane\plane\Debug\main.obj
F:\c++\2018_3_15\plane\plane\plane\Debug\cl.command.1.tlog
F:\c++\2018_3_15\plane\plane\plane\Debug\CL.read.1.tlog
F:\c++\2018_3_15\plane\plane\plane\Debug\CL.write.1.tlog
F:\c++\2018_3_15\plane\plane\plane\Debug\link-cvtres.read.1.tlog
F:\c++\2018_3_15\plane\plane\plane\Debug\link-cvtres.write.1.tlog
F:\c++\2018_3_15\plane\plane\plane\Debug\link-rc.read.1.tlog
F:\c++\2018_3_15\plane\plane\plane\Debug\link-rc.write.1.tlog
F:\c++\2018_3_15\plane\plane\plane\Debug\link.command.1.tlog
F:\c++\2018_3_15\plane\plane\plane\Debug\link.read.1.tlog
F:\c++\2018_3_15\plane\plane\plane\Debug\link.write.1.tlog
F:\c++\2018_3_15\plane\plane\plane\Debug\vc110.idb
F:\c++\2018_3_15\plane\plane\plane\Debug\vc110.pdb
F:\c++\2018_3_15\plane\plane\Debug\plane.pdb
F:\c++\2018_3_15\plane\plane\Debug\plane.exe
F:\c++\2018_3_15\plane\plane\Debug\plane.ilk
